0 info it worked if it ends with ok
1 verbose cli [ '/usr/local/Cellar/node/0.10.11/bin/node',
1 verbose cli   '/usr/local/bin/npm',
1 verbose cli   'start' ]
2 info using npm@1.2.30
3 info using node@v0.10.11
4 verbose read json /Users/admin/www/tags-flow/frontend/package.json
5 error Error: ENOENT, open '/Users/admin/www/tags-flow/frontend/package.json'
6 error If you need help, you may report this log at:
6 error     <http://github.com/isaacs/npm/issues>
6 error or email it to:
6 error     <npm-@googlegroups.com>
7 error System Darwin 11.4.2
8 error command "/usr/local/Cellar/node/0.10.11/bin/node" "/usr/local/bin/npm" "start"
9 error cwd /Users/admin/www/tags-flow/frontend
10 error node -v v0.10.11
11 error npm -v 1.2.30
12 error path /Users/admin/www/tags-flow/frontend/package.json
13 error code ENOENT
14 error errno 34
15 verbose exit [ 34, true ]
